<?xml version="1.0" encoding="UTF-8"?>
<!-- Generated by org.testng.reporters.JUnitReportReporter -->
<testsuite hostname="DESKTOP-1JLO8E0" failures="0" tests="7" name="com.appium.Tasks.AddtoCart" time="120.531" errors="0" timestamp="2022-07-04T22:07:14 BDT" skipped="0">
  <testcase classname="com.appium.Tasks.AddtoCart" name="SelectingLumia" time="44.683"/>
  <system-out/>
  <testcase classname="com.appium.Tasks.AddtoCart" name="AddingLumiatoCart" time="10.734"/>
  <system-out/>
  <testcase classname="com.appium.Tasks.AddtoCart" name="GotoCheckout" time="6.698"/>
  <system-out/>
  <testcase classname="com.appium.Tasks.AddtoCart" name="ProvidingAddress" time="28.567"/>
  <system-out/>
  <testcase classname="com.appium.Tasks.AddtoCart" name="ShiipingAndPayment" time="5.514"/>
  <system-out/>
  <testcase classname="com.appium.Tasks.AddtoCart" name="Payment" time="15.702"/>
  <system-out/>
  <testcase classname="com.appium.Tasks.AddtoCart" name="CheckConfirmation" time="8.633"/>
  <system-out/>
</testsuite> <!-- com.appium.Tasks.AddtoCart -->
